<?xml version="1.0" encoding="UTF-8"?>
<!-- Generated by org.testng.reporters.JUnitReportReporter -->
<testsuite hostname="DESKTOP-36BTOCH" failures="0" tests="1" name="com.WWInternational.testCases.Test_001" time="36.936" errors="0" timestamp="14 May 2019 23:27:07 GMT" skipped="0">
  <testcase classname="com.WWInternational.testCases.Test_001" name="verifyPage" time="36.936"/>
</testsuite> <!-- com.WWInternational.testCases.Test_001 -->
